[2023-04-28T04:35:46.133+0000] {taskinstance.py:1083} INFO - Dependencies all met for <TaskInstance: stock_analyzer.delete_file_task manual__2023-04-28T04:35:39.971934+00:00 [queued]>
[2023-04-28T04:35:46.159+0000] {taskinstance.py:1083} INFO - Dependencies all met for <TaskInstance: stock_analyzer.delete_file_task manual__2023-04-28T04:35:39.971934+00:00 [queued]>
[2023-04-28T04:35:46.160+0000] {taskinstance.py:1279} INFO - 
--------------------------------------------------------------------------------
[2023-04-28T04:35:46.161+0000] {taskinstance.py:1280} INFO - Starting attempt 1 of 1
[2023-04-28T04:35:46.161+0000] {taskinstance.py:1281} INFO - 
--------------------------------------------------------------------------------
[2023-04-28T04:35:46.190+0000] {taskinstance.py:1300} INFO - Executing <Task(PythonOperator): delete_file_task> on 2023-04-28 04:35:39.971934+00:00
[2023-04-28T04:35:46.209+0000] {standard_task_runner.py:55} INFO - Started process 614 to run task
[2023-04-28T04:35:46.219+0000] {standard_task_runner.py:82} INFO - Running: ['***', 'tasks', 'run', 'stock_analyzer', 'delete_file_task', 'manual__2023-04-28T04:35:39.971934+00:00', '--job-id', '16', '--raw', '--subdir', 'DAGS_FOLDER/main.py', '--cfg-path', '/tmp/tmpr3m7aeta']
[2023-04-28T04:35:46.220+0000] {standard_task_runner.py:83} INFO - Job 16: Subtask delete_file_task
[2023-04-28T04:35:46.363+0000] {task_command.py:388} INFO - Running <TaskInstance: stock_analyzer.delete_file_task manual__2023-04-28T04:35:39.971934+00:00 [running]> on host 501f01ebf2a1
[2023-04-28T04:35:46.441+0000] {taskinstance.py:1509} INFO - Exporting the following env vars:
AIRFLOW_CTX_DAG_OWNER=***
AIRFLOW_CTX_DAG_ID=stock_analyzer
AIRFLOW_CTX_TASK_ID=delete_file_task
AIRFLOW_CTX_EXECUTION_DATE=2023-04-28T04:35:39.971934+00:00
AIRFLOW_CTX_TRY_NUMBER=1
AIRFLOW_CTX_DAG_RUN_ID=manual__2023-04-28T04:35:39.971934+00:00
[2023-04-28T04:35:46.443+0000] {python.py:177} INFO - Done. Returned value was: None
[2023-04-28T04:35:46.452+0000] {taskinstance.py:1323} INFO - Marking task as SUCCESS. dag_id=stock_analyzer, task_id=delete_file_task, execution_date=20230428T043539, start_date=20230428T043546, end_date=20230428T043546
[2023-04-28T04:35:46.472+0000] {local_task_job.py:208} INFO - Task exited with return code 0
