[2023-04-28T04:27:04.184+0000] {taskinstance.py:1083} INFO - Dependencies all met for <TaskInstance: stock_analyzer.output_file manual__2023-04-28T04:26:46.130901+00:00 [queued]>
[2023-04-28T04:27:04.203+0000] {taskinstance.py:1083} INFO - Dependencies all met for <TaskInstance: stock_analyzer.output_file manual__2023-04-28T04:26:46.130901+00:00 [queued]>
[2023-04-28T04:27:04.203+0000] {taskinstance.py:1279} INFO - 
--------------------------------------------------------------------------------
[2023-04-28T04:27:04.203+0000] {taskinstance.py:1280} INFO - Starting attempt 1 of 1
[2023-04-28T04:27:04.203+0000] {taskinstance.py:1281} INFO - 
--------------------------------------------------------------------------------
[2023-04-28T04:27:04.218+0000] {taskinstance.py:1300} INFO - Executing <Task(BashOperator): output_file> on 2023-04-28 04:26:46.130901+00:00
[2023-04-28T04:27:04.233+0000] {standard_task_runner.py:55} INFO - Started process 195 to run task
[2023-04-28T04:27:04.238+0000] {standard_task_runner.py:82} INFO - Running: ['***', 'tasks', 'run', 'stock_analyzer', 'output_file', 'manual__2023-04-28T04:26:46.130901+00:00', '--job-id', '13', '--raw', '--subdir', 'DAGS_FOLDER/main.py', '--cfg-path', '/tmp/tmpzbf11mfs']
[2023-04-28T04:27:04.239+0000] {standard_task_runner.py:83} INFO - Job 13: Subtask output_file
[2023-04-28T04:27:04.340+0000] {task_command.py:388} INFO - Running <TaskInstance: stock_analyzer.output_file manual__2023-04-28T04:26:46.130901+00:00 [running]> on host 501f01ebf2a1
[2023-04-28T04:27:04.421+0000] {taskinstance.py:1509} INFO - Exporting the following env vars:
AIRFLOW_CTX_DAG_OWNER=***
AIRFLOW_CTX_DAG_ID=stock_analyzer
AIRFLOW_CTX_TASK_ID=output_file
AIRFLOW_CTX_EXECUTION_DATE=2023-04-28T04:26:46.130901+00:00
AIRFLOW_CTX_TRY_NUMBER=1
AIRFLOW_CTX_DAG_RUN_ID=manual__2023-04-28T04:26:46.130901+00:00
[2023-04-28T04:27:04.430+0000] {subprocess.py:63} INFO - Tmp dir root location: 
 /tmp
[2023-04-28T04:27:04.431+0000] {subprocess.py:75} INFO - Running command: ['/bin/bash', '-c', 'echo "Hello from ***" > /home/***/output_$(date "+%Y-%m-%d_%H:%M:%S").log']
[2023-04-28T04:27:04.458+0000] {subprocess.py:86} INFO - Output:
[2023-04-28T04:27:04.478+0000] {subprocess.py:97} INFO - Command exited with return code 0
[2023-04-28T04:27:04.529+0000] {taskinstance.py:1323} INFO - Marking task as SUCCESS. dag_id=stock_analyzer, task_id=output_file, execution_date=20230428T042646, start_date=20230428T042704, end_date=20230428T042704
[2023-04-28T04:27:04.572+0000] {local_task_job.py:208} INFO - Task exited with return code 0
