[2023-04-28T16:01:16.513+0000] {taskinstance.py:1083} INFO - Dependencies all met for <TaskInstance: stock_analyzer.delete_existing_file manual__2023-04-28T16:00:54.067653+00:00 [queued]>
[2023-04-28T16:01:16.527+0000] {taskinstance.py:1083} INFO - Dependencies all met for <TaskInstance: stock_analyzer.delete_existing_file manual__2023-04-28T16:00:54.067653+00:00 [queued]>
[2023-04-28T16:01:16.527+0000] {taskinstance.py:1279} INFO - 
--------------------------------------------------------------------------------
[2023-04-28T16:01:16.527+0000] {taskinstance.py:1280} INFO - Starting attempt 1 of 1
[2023-04-28T16:01:16.527+0000] {taskinstance.py:1281} INFO - 
--------------------------------------------------------------------------------
[2023-04-28T16:01:16.544+0000] {taskinstance.py:1300} INFO - Executing <Task(PythonOperator): delete_existing_file> on 2023-04-28 16:00:54.067653+00:00
[2023-04-28T16:01:16.556+0000] {standard_task_runner.py:55} INFO - Started process 402 to run task
[2023-04-28T16:01:16.565+0000] {standard_task_runner.py:82} INFO - Running: ['***', 'tasks', 'run', 'stock_analyzer', 'delete_existing_file', 'manual__2023-04-28T16:00:54.067653+00:00', '--job-id', '23', '--raw', '--subdir', 'DAGS_FOLDER/main.py', '--cfg-path', '/tmp/tmp0tycz8sr']
[2023-04-28T16:01:16.573+0000] {standard_task_runner.py:83} INFO - Job 23: Subtask delete_existing_file
[2023-04-28T16:01:16.673+0000] {task_command.py:388} INFO - Running <TaskInstance: stock_analyzer.delete_existing_file manual__2023-04-28T16:00:54.067653+00:00 [running]> on host cbcaf630a27f
[2023-04-28T16:01:16.786+0000] {taskinstance.py:1509} INFO - Exporting the following env vars:
AIRFLOW_CTX_DAG_OWNER=***
AIRFLOW_CTX_DAG_ID=stock_analyzer
AIRFLOW_CTX_TASK_ID=delete_existing_file
AIRFLOW_CTX_EXECUTION_DATE=2023-04-28T16:00:54.067653+00:00
AIRFLOW_CTX_TRY_NUMBER=1
AIRFLOW_CTX_DAG_RUN_ID=manual__2023-04-28T16:00:54.067653+00:00
[2023-04-28T16:01:16.826+0000] {python.py:177} INFO - Done. Returned value was: None
[2023-04-28T16:01:16.873+0000] {taskinstance.py:1323} INFO - Marking task as SUCCESS. dag_id=stock_analyzer, task_id=delete_existing_file, execution_date=20230428T160054, start_date=20230428T160116, end_date=20230428T160116
[2023-04-28T16:01:16.912+0000] {local_task_job.py:208} INFO - Task exited with return code 0
