[2023-04-28T14:59:41.813+0000] {taskinstance.py:1083} INFO - Dependencies all met for <TaskInstance: stock_analyzer.delete_existing_file manual__2023-04-28T14:59:28.959722+00:00 [queued]>
[2023-04-28T14:59:41.827+0000] {taskinstance.py:1083} INFO - Dependencies all met for <TaskInstance: stock_analyzer.delete_existing_file manual__2023-04-28T14:59:28.959722+00:00 [queued]>
[2023-04-28T14:59:41.827+0000] {taskinstance.py:1279} INFO - 
--------------------------------------------------------------------------------
[2023-04-28T14:59:41.827+0000] {taskinstance.py:1280} INFO - Starting attempt 1 of 1
[2023-04-28T14:59:41.827+0000] {taskinstance.py:1281} INFO - 
--------------------------------------------------------------------------------
[2023-04-28T14:59:41.843+0000] {taskinstance.py:1300} INFO - Executing <Task(PythonOperator): delete_existing_file> on 2023-04-28 14:59:28.959722+00:00
[2023-04-28T14:59:41.857+0000] {standard_task_runner.py:55} INFO - Started process 1147 to run task
[2023-04-28T14:59:41.863+0000] {standard_task_runner.py:82} INFO - Running: ['***', 'tasks', 'run', 'stock_analyzer', 'delete_existing_file', 'manual__2023-04-28T14:59:28.959722+00:00', '--job-id', '13', '--raw', '--subdir', 'DAGS_FOLDER/main.py', '--cfg-path', '/tmp/tmp1zx4vqb_']
[2023-04-28T14:59:41.864+0000] {standard_task_runner.py:83} INFO - Job 13: Subtask delete_existing_file
[2023-04-28T14:59:41.942+0000] {task_command.py:388} INFO - Running <TaskInstance: stock_analyzer.delete_existing_file manual__2023-04-28T14:59:28.959722+00:00 [running]> on host e48c557aa0b5
[2023-04-28T14:59:42.030+0000] {taskinstance.py:1509} INFO - Exporting the following env vars:
AIRFLOW_CTX_DAG_OWNER=***
AIRFLOW_CTX_DAG_ID=stock_analyzer
AIRFLOW_CTX_TASK_ID=delete_existing_file
AIRFLOW_CTX_EXECUTION_DATE=2023-04-28T14:59:28.959722+00:00
AIRFLOW_CTX_TRY_NUMBER=1
AIRFLOW_CTX_DAG_RUN_ID=manual__2023-04-28T14:59:28.959722+00:00
[2023-04-28T14:59:42.036+0000] {python.py:177} INFO - Done. Returned value was: None
[2023-04-28T14:59:42.054+0000] {taskinstance.py:1323} INFO - Marking task as SUCCESS. dag_id=stock_analyzer, task_id=delete_existing_file, execution_date=20230428T145928, start_date=20230428T145941, end_date=20230428T145942
[2023-04-28T14:59:42.114+0000] {local_task_job.py:208} INFO - Task exited with return code 0
