[2023-04-27T19:34:44.197+0000] {taskinstance.py:1083} INFO - Dependencies all met for <TaskInstance: stock_analyzer.output_file manual__2023-04-27T19:34:22.158520+00:00 [queued]>
[2023-04-27T19:34:44.216+0000] {taskinstance.py:1083} INFO - Dependencies all met for <TaskInstance: stock_analyzer.output_file manual__2023-04-27T19:34:22.158520+00:00 [queued]>
[2023-04-27T19:34:44.216+0000] {taskinstance.py:1279} INFO - 
--------------------------------------------------------------------------------
[2023-04-27T19:34:44.216+0000] {taskinstance.py:1280} INFO - Starting attempt 1 of 1
[2023-04-27T19:34:44.216+0000] {taskinstance.py:1281} INFO - 
--------------------------------------------------------------------------------
[2023-04-27T19:34:44.235+0000] {taskinstance.py:1300} INFO - Executing <Task(BashOperator): output_file> on 2023-04-27 19:34:22.158520+00:00
[2023-04-27T19:34:44.247+0000] {standard_task_runner.py:55} INFO - Started process 590 to run task
[2023-04-27T19:34:44.251+0000] {standard_task_runner.py:82} INFO - Running: ['***', 'tasks', 'run', 'stock_analyzer', 'output_file', 'manual__2023-04-27T19:34:22.158520+00:00', '--job-id', '3', '--raw', '--subdir', 'DAGS_FOLDER/main.py', '--cfg-path', '/tmp/tmpw7o_hjb7']
[2023-04-27T19:34:44.251+0000] {standard_task_runner.py:83} INFO - Job 3: Subtask output_file
[2023-04-27T19:34:44.316+0000] {task_command.py:388} INFO - Running <TaskInstance: stock_analyzer.output_file manual__2023-04-27T19:34:22.158520+00:00 [running]> on host 501f01ebf2a1
[2023-04-27T19:34:44.394+0000] {taskinstance.py:1509} INFO - Exporting the following env vars:
AIRFLOW_CTX_DAG_OWNER=***
AIRFLOW_CTX_DAG_ID=stock_analyzer
AIRFLOW_CTX_TASK_ID=output_file
AIRFLOW_CTX_EXECUTION_DATE=2023-04-27T19:34:22.158520+00:00
AIRFLOW_CTX_TRY_NUMBER=1
AIRFLOW_CTX_DAG_RUN_ID=manual__2023-04-27T19:34:22.158520+00:00
[2023-04-27T19:34:44.402+0000] {subprocess.py:63} INFO - Tmp dir root location: 
 /tmp
[2023-04-27T19:34:44.403+0000] {subprocess.py:75} INFO - Running command: ['/bin/bash', '-c', 'echo "Hello from ***" > /home/***/output_$(date "+%Y-%m-%d_%H:%M:%S").log']
[2023-04-27T19:34:44.429+0000] {subprocess.py:86} INFO - Output:
[2023-04-27T19:34:44.437+0000] {subprocess.py:97} INFO - Command exited with return code 0
[2023-04-27T19:34:44.464+0000] {taskinstance.py:1323} INFO - Marking task as SUCCESS. dag_id=stock_analyzer, task_id=output_file, execution_date=20230427T193422, start_date=20230427T193444, end_date=20230427T193444
[2023-04-27T19:34:44.504+0000] {local_task_job.py:208} INFO - Task exited with return code 0
